2024-09-14 16:42:47 [INFO] (printf.js:11) - server running on port 3001
2024-09-14 16:42:47 [INFO] (printf.js:11) - Kafka Producer connected
2024-09-14 16:42:47 [INFO] (printf.js:11) - Starting consumers...
2024-09-14 16:44:09 [INFO] (printf.js:11) - Message sent to getUsersObservable - requestId: 4f83a918-be2f-4353-8975-50c02f89839c
2024-09-14 16:44:09 [INFO] (printf.js:11) - get from consumerGetUsersObservable
2024-09-14 16:44:09 [ERROR] (printf.js:11) - Error proccesing message from getUsersObservable: Cannot create property 'Symbol(level)' on string 'Response get from caché: 1100000'
2024-09-14 22:40:52 [INFO] (printf.js:11) - Closing app...
2024-09-14 22:41:02 [ERROR] (printf.js:11) - Redis Client Error Cannot create property 'Symbol(level)' on string 'Conectado a Redis'
2024-09-14 22:41:02 [ERROR] (printf.js:11) - Redis Client Error Cannot create property 'Symbol(level)' on string 'Conectado a Redis'
2024-09-14 22:41:03 [ERROR] (printf.js:11) - Redis Client Error Cannot create property 'Symbol(level)' on string 'Conectado a Redis'
2024-09-14 22:41:03 [ERROR] (printf.js:11) - Redis Client Error Cannot create property 'Symbol(level)' on string 'Conectado a Redis'
2024-09-14 22:41:03 [ERROR] (printf.js:11) - Redis Client Error Cannot create property 'Symbol(level)' on string 'Conectado a Redis'
2024-09-14 22:41:03 [ERROR] (printf.js:11) - Redis Client Error Cannot create property 'Symbol(level)' on string 'Conectado a Redis'
2024-09-14 22:41:03 [ERROR] (printf.js:11) - Redis Client Error Cannot create property 'Symbol(level)' on string 'Conectado a Redis'
2024-09-14 22:41:04 [ERROR] (printf.js:11) - Redis Client Error Cannot create property 'Symbol(level)' on string 'Conectado a Redis'
2024-09-14 22:41:04 [ERROR] (printf.js:11) - Redis Client Error Cannot create property 'Symbol(level)' on string 'Conectado a Redis'
2024-09-14 22:41:04 [ERROR] (printf.js:11) - Redis Client Error Cannot create property 'Symbol(level)' on string 'Conectado a Redis'
2024-09-14 22:41:05 [ERROR] (printf.js:11) - Redis Client Error Cannot create property 'Symbol(level)' on string 'Conectado a Redis'
2024-09-14 22:41:05 [ERROR] (printf.js:11) - Redis Client Error Cannot create property 'Symbol(level)' on string 'Conectado a Redis'
2024-09-14 22:41:06 [ERROR] (printf.js:11) - Redis Client Error Cannot create property 'Symbol(level)' on string 'Conectado a Redis'
2024-09-14 22:41:06 [ERROR] (printf.js:11) - Redis Client Error Cannot create property 'Symbol(level)' on string 'Conectado a Redis'
2024-09-14 22:41:07 [ERROR] (printf.js:11) - Redis Client Error Cannot create property 'Symbol(level)' on string 'Conectado a Redis'
2024-09-14 22:41:07 [ERROR] (printf.js:11) - Redis Client Error Cannot create property 'Symbol(level)' on string 'Conectado a Redis'
2024-09-14 22:41:08 [ERROR] (printf.js:11) - Redis Client Error Cannot create property 'Symbol(level)' on string 'Conectado a Redis'
2024-09-14 22:41:08 [ERROR] (printf.js:11) - Redis Client Error Cannot create property 'Symbol(level)' on string 'Conectado a Redis'
2024-09-14 22:41:09 [ERROR] (printf.js:11) - Redis Client Error Cannot create property 'Symbol(level)' on string 'Conectado a Redis'
2024-09-14 22:41:09 [ERROR] (printf.js:11) - Redis Client Error Cannot create property 'Symbol(level)' on string 'Conectado a Redis'
2024-09-14 22:41:10 [ERROR] (printf.js:11) - Redis Client Error Cannot create property 'Symbol(level)' on string 'Conectado a Redis'
2024-09-14 22:41:10 [ERROR] (printf.js:11) - Redis Client Error Cannot create property 'Symbol(level)' on string 'Conectado a Redis'
2024-09-14 22:41:11 [ERROR] (printf.js:11) - Redis Client Error Cannot create property 'Symbol(level)' on string 'Conectado a Redis'
2024-09-14 22:41:11 [ERROR] (printf.js:11) - Redis Client Error Cannot create property 'Symbol(level)' on string 'Conectado a Redis'
2024-09-14 22:41:12 [ERROR] (printf.js:11) - Redis Client Error Cannot create property 'Symbol(level)' on string 'Conectado a Redis'
2024-09-14 22:41:13 [ERROR] (printf.js:11) - Redis Client Error Cannot create property 'Symbol(level)' on string 'Conectado a Redis'
2024-09-14 22:41:13 [ERROR] (printf.js:11) - Redis Client Error Cannot create property 'Symbol(level)' on string 'Conectado a Redis'
2024-09-14 22:41:14 [ERROR] (printf.js:11) - Redis Client Error Cannot create property 'Symbol(level)' on string 'Conectado a Redis'
2024-09-14 22:41:14 [ERROR] (printf.js:11) - Redis Client Error Cannot create property 'Symbol(level)' on string 'Conectado a Redis'
2024-09-14 22:41:15 [ERROR] (printf.js:11) - Redis Client Error Cannot create property 'Symbol(level)' on string 'Conectado a Redis'
2024-09-14 22:41:15 [ERROR] (printf.js:11) - Redis Client Error Cannot create property 'Symbol(level)' on string 'Conectado a Redis'
2024-09-14 22:41:16 [ERROR] (printf.js:11) - Redis Client Error Cannot create property 'Symbol(level)' on string 'Conectado a Redis'
2024-09-14 22:41:16 [ERROR] (printf.js:11) - Redis Client Error Cannot create property 'Symbol(level)' on string 'Conectado a Redis'
2024-09-14 22:41:17 [ERROR] (printf.js:11) - Redis Client Error Cannot create property 'Symbol(level)' on string 'Conectado a Redis'
2024-09-14 22:41:17 [ERROR] (printf.js:11) - Redis Client Error Cannot create property 'Symbol(level)' on string 'Conectado a Redis'
2024-09-14 22:41:18 [ERROR] (printf.js:11) - Redis Client Error Cannot create property 'Symbol(level)' on string 'Conectado a Redis'
2024-09-14 22:41:18 [ERROR] (printf.js:11) - Redis Client Error Cannot create property 'Symbol(level)' on string 'Conectado a Redis'
2024-09-14 22:41:19 [ERROR] (printf.js:11) - Redis Client Error Cannot create property 'Symbol(level)' on string 'Conectado a Redis'
2024-09-14 22:41:19 [ERROR] (printf.js:11) - Redis Client Error Cannot create property 'Symbol(level)' on string 'Conectado a Redis'
2024-09-14 22:41:20 [ERROR] (printf.js:11) - Redis Client Error Cannot create property 'Symbol(level)' on string 'Conectado a Redis'
2024-09-14 22:41:20 [ERROR] (printf.js:11) - Redis Client Error Cannot create property 'Symbol(level)' on string 'Conectado a Redis'
2024-09-14 22:41:21 [ERROR] (printf.js:11) - Redis Client Error Cannot create property 'Symbol(level)' on string 'Conectado a Redis'
2024-09-14 22:41:21 [ERROR] (printf.js:11) - Redis Client Error Cannot create property 'Symbol(level)' on string 'Conectado a Redis'
2024-09-14 22:41:22 [ERROR] (printf.js:11) - Redis Client Error Cannot create property 'Symbol(level)' on string 'Conectado a Redis'
2024-09-14 22:41:22 [ERROR] (printf.js:11) - Redis Client Error Cannot create property 'Symbol(level)' on string 'Conectado a Redis'
2024-09-14 22:41:23 [ERROR] (printf.js:11) - Redis Client Error Cannot create property 'Symbol(level)' on string 'Conectado a Redis'
2024-09-14 22:41:23 [ERROR] (printf.js:11) - Redis Client Error Cannot create property 'Symbol(level)' on string 'Conectado a Redis'
2024-09-14 22:41:24 [ERROR] (printf.js:11) - Redis Client Error Cannot create property 'Symbol(level)' on string 'Conectado a Redis'
2024-09-14 22:41:24 [ERROR] (printf.js:11) - Redis Client Error Cannot create property 'Symbol(level)' on string 'Conectado a Redis'
2024-09-14 22:41:25 [ERROR] (printf.js:11) - Redis Client Error Cannot create property 'Symbol(level)' on string 'Conectado a Redis'
2024-09-14 22:41:25 [ERROR] (printf.js:11) - Redis Client Error Cannot create property 'Symbol(level)' on string 'Conectado a Redis'
2024-09-14 22:41:26 [ERROR] (printf.js:11) - Redis Client Error Cannot create property 'Symbol(level)' on string 'Conectado a Redis'
2024-09-14 22:41:26 [ERROR] (printf.js:11) - Redis Client Error Cannot create property 'Symbol(level)' on string 'Conectado a Redis'
2024-09-14 22:41:27 [ERROR] (printf.js:11) - Redis Client Error Cannot create property 'Symbol(level)' on string 'Conectado a Redis'
2024-09-14 22:41:27 [ERROR] (printf.js:11) - Redis Client Error Cannot create property 'Symbol(level)' on string 'Conectado a Redis'
2024-09-14 22:41:28 [ERROR] (printf.js:11) - Redis Client Error Cannot create property 'Symbol(level)' on string 'Conectado a Redis'
2024-09-14 22:41:28 [ERROR] (printf.js:11) - Redis Client Error Cannot create property 'Symbol(level)' on string 'Conectado a Redis'
2024-09-14 22:41:29 [ERROR] (printf.js:11) - Redis Client Error Cannot create property 'Symbol(level)' on string 'Conectado a Redis'
2024-09-14 22:41:29 [ERROR] (printf.js:11) - Redis Client Error Cannot create property 'Symbol(level)' on string 'Conectado a Redis'
2024-09-14 22:41:30 [ERROR] (printf.js:11) - Redis Client Error Cannot create property 'Symbol(level)' on string 'Conectado a Redis'
2024-09-14 22:41:30 [ERROR] (printf.js:11) - Redis Client Error Cannot create property 'Symbol(level)' on string 'Conectado a Redis'
2024-09-14 22:41:31 [ERROR] (printf.js:11) - Redis Client Error Cannot create property 'Symbol(level)' on string 'Conectado a Redis'
2024-09-14 22:41:31 [ERROR] (printf.js:11) - Redis Client Error Cannot create property 'Symbol(level)' on string 'Conectado a Redis'
2024-09-14 22:41:32 [ERROR] (printf.js:11) - Redis Client Error Cannot create property 'Symbol(level)' on string 'Conectado a Redis'
2024-09-14 22:41:32 [ERROR] (printf.js:11) - Redis Client Error Cannot create property 'Symbol(level)' on string 'Conectado a Redis'
2024-09-14 22:41:33 [ERROR] (printf.js:11) - Redis Client Error Cannot create property 'Symbol(level)' on string 'Conectado a Redis'
2024-09-14 22:41:34 [ERROR] (printf.js:11) - Redis Client Error Cannot create property 'Symbol(level)' on string 'Conectado a Redis'
2024-09-14 22:41:34 [ERROR] (printf.js:11) - Redis Client Error Cannot create property 'Symbol(level)' on string 'Conectado a Redis'
2024-09-14 22:41:35 [ERROR] (printf.js:11) - Redis Client Error Cannot create property 'Symbol(level)' on string 'Conectado a Redis'
2024-09-14 22:41:35 [ERROR] (printf.js:11) - Redis Client Error Cannot create property 'Symbol(level)' on string 'Conectado a Redis'
2024-09-14 22:41:36 [ERROR] (printf.js:11) - Redis Client Error Cannot create property 'Symbol(level)' on string 'Conectado a Redis'
2024-09-14 22:41:36 [ERROR] (printf.js:11) - Redis Client Error Cannot create property 'Symbol(level)' on string 'Conectado a Redis'
2024-09-14 22:41:37 [ERROR] (printf.js:11) - Redis Client Error Cannot create property 'Symbol(level)' on string 'Conectado a Redis'
2024-09-14 22:41:37 [ERROR] (printf.js:11) - Redis Client Error Cannot create property 'Symbol(level)' on string 'Conectado a Redis'
2024-09-14 22:41:38 [ERROR] (printf.js:11) - Redis Client Error Cannot create property 'Symbol(level)' on string 'Conectado a Redis'
2024-09-14 22:41:38 [ERROR] (printf.js:11) - Redis Client Error Cannot create property 'Symbol(level)' on string 'Conectado a Redis'
2024-09-14 22:41:39 [ERROR] (printf.js:11) - Redis Client Error Cannot create property 'Symbol(level)' on string 'Conectado a Redis'
2024-09-14 22:41:39 [ERROR] (printf.js:11) - Redis Client Error Cannot create property 'Symbol(level)' on string 'Conectado a Redis'
2024-09-14 22:41:40 [ERROR] (printf.js:11) - Redis Client Error Cannot create property 'Symbol(level)' on string 'Conectado a Redis'
2024-09-14 22:41:40 [ERROR] (printf.js:11) - Redis Client Error Cannot create property 'Symbol(level)' on string 'Conectado a Redis'
2024-09-14 22:41:41 [ERROR] (printf.js:11) - Redis Client Error Cannot create property 'Symbol(level)' on string 'Conectado a Redis'
2024-09-14 22:41:41 [ERROR] (printf.js:11) - Redis Client Error Cannot create property 'Symbol(level)' on string 'Conectado a Redis'
2024-09-14 22:41:42 [ERROR] (printf.js:11) - Redis Client Error Cannot create property 'Symbol(level)' on string 'Conectado a Redis'
2024-09-14 22:41:42 [ERROR] (printf.js:11) - Redis Client Error Cannot create property 'Symbol(level)' on string 'Conectado a Redis'
2024-09-14 22:41:43 [ERROR] (printf.js:11) - Redis Client Error Cannot create property 'Symbol(level)' on string 'Conectado a Redis'
2024-09-14 22:41:43 [ERROR] (printf.js:11) - Redis Client Error Cannot create property 'Symbol(level)' on string 'Conectado a Redis'
2024-09-14 22:41:44 [ERROR] (printf.js:11) - Redis Client Error Cannot create property 'Symbol(level)' on string 'Conectado a Redis'
2024-09-14 22:41:44 [ERROR] (printf.js:11) - Redis Client Error Cannot create property 'Symbol(level)' on string 'Conectado a Redis'
2024-09-14 22:41:45 [ERROR] (printf.js:11) - Redis Client Error Cannot create property 'Symbol(level)' on string 'Conectado a Redis'
2024-09-14 22:41:45 [ERROR] (printf.js:11) - Redis Client Error Cannot create property 'Symbol(level)' on string 'Conectado a Redis'
2024-09-14 22:41:46 [ERROR] (printf.js:11) - Redis Client Error Cannot create property 'Symbol(level)' on string 'Conectado a Redis'
2024-09-14 22:41:46 [ERROR] (printf.js:11) - Redis Client Error Cannot create property 'Symbol(level)' on string 'Conectado a Redis'
2024-09-14 22:41:47 [ERROR] (printf.js:11) - Redis Client Error Cannot create property 'Symbol(level)' on string 'Conectado a Redis'
2024-09-14 22:41:47 [ERROR] (printf.js:11) - Redis Client Error Cannot create property 'Symbol(level)' on string 'Conectado a Redis'
2024-09-14 22:41:48 [ERROR] (printf.js:11) - Redis Client Error Cannot create property 'Symbol(level)' on string 'Conectado a Redis'
2024-09-14 22:41:48 [ERROR] (printf.js:11) - Redis Client Error Cannot create property 'Symbol(level)' on string 'Conectado a Redis'
2024-09-14 22:41:49 [ERROR] (printf.js:11) - Redis Client Error Cannot create property 'Symbol(level)' on string 'Conectado a Redis'
2024-09-14 22:41:49 [ERROR] (printf.js:11) - Redis Client Error Cannot create property 'Symbol(level)' on string 'Conectado a Redis'
2024-09-14 22:41:50 [ERROR] (printf.js:11) - Redis Client Error Cannot create property 'Symbol(level)' on string 'Conectado a Redis'
2024-09-14 22:41:50 [ERROR] (printf.js:11) - Redis Client Error Cannot create property 'Symbol(level)' on string 'Conectado a Redis'
2024-09-14 22:41:51 [ERROR] (printf.js:11) - Redis Client Error Cannot create property 'Symbol(level)' on string 'Conectado a Redis'
2024-09-14 22:41:51 [ERROR] (printf.js:11) - Redis Client Error Cannot create property 'Symbol(level)' on string 'Conectado a Redis'
2024-09-14 22:41:52 [ERROR] (printf.js:11) - Redis Client Error Cannot create property 'Symbol(level)' on string 'Conectado a Redis'
2024-09-14 22:41:52 [ERROR] (printf.js:11) - Redis Client Error Cannot create property 'Symbol(level)' on string 'Conectado a Redis'
2024-09-14 22:41:53 [ERROR] (printf.js:11) - Redis Client Error Cannot create property 'Symbol(level)' on string 'Conectado a Redis'
2024-09-14 22:41:54 [ERROR] (printf.js:11) - Redis Client Error Cannot create property 'Symbol(level)' on string 'Conectado a Redis'
2024-09-14 22:41:54 [ERROR] (printf.js:11) - Redis Client Error Cannot create property 'Symbol(level)' on string 'Conectado a Redis'
2024-09-14 22:41:55 [ERROR] (printf.js:11) - Redis Client Error Cannot create property 'Symbol(level)' on string 'Conectado a Redis'
2024-09-14 22:41:55 [ERROR] (printf.js:11) - Redis Client Error Cannot create property 'Symbol(level)' on string 'Conectado a Redis'
2024-09-14 22:41:56 [ERROR] (printf.js:11) - Redis Client Error Cannot create property 'Symbol(level)' on string 'Conectado a Redis'
2024-09-14 22:41:56 [ERROR] (printf.js:11) - Redis Client Error Cannot create property 'Symbol(level)' on string 'Conectado a Redis'
2024-09-14 22:41:57 [ERROR] (printf.js:11) - Redis Client Error Cannot create property 'Symbol(level)' on string 'Conectado a Redis'
2024-09-14 22:41:57 [ERROR] (printf.js:11) - Redis Client Error Cannot create property 'Symbol(level)' on string 'Conectado a Redis'
2024-09-14 22:41:58 [ERROR] (printf.js:11) - Redis Client Error Cannot create property 'Symbol(level)' on string 'Conectado a Redis'
2024-09-14 22:41:58 [ERROR] (printf.js:11) - Redis Client Error Cannot create property 'Symbol(level)' on string 'Conectado a Redis'
2024-09-14 22:41:59 [ERROR] (printf.js:11) - Redis Client Error Cannot create property 'Symbol(level)' on string 'Conectado a Redis'
2024-09-14 22:41:59 [ERROR] (printf.js:11) - Redis Client Error Cannot create property 'Symbol(level)' on string 'Conectado a Redis'
2024-09-14 22:42:00 [ERROR] (printf.js:11) - Redis Client Error Cannot create property 'Symbol(level)' on string 'Conectado a Redis'
2024-09-14 22:42:00 [ERROR] (printf.js:11) - Redis Client Error Cannot create property 'Symbol(level)' on string 'Conectado a Redis'
2024-09-14 22:42:01 [ERROR] (printf.js:11) - Redis Client Error Cannot create property 'Symbol(level)' on string 'Conectado a Redis'
2024-09-14 22:42:01 [ERROR] (printf.js:11) - Redis Client Error Cannot create property 'Symbol(level)' on string 'Conectado a Redis'
2024-09-14 22:42:02 [ERROR] (printf.js:11) - Redis Client Error Cannot create property 'Symbol(level)' on string 'Conectado a Redis'
2024-09-14 22:42:02 [ERROR] (printf.js:11) - Redis Client Error Cannot create property 'Symbol(level)' on string 'Conectado a Redis'
2024-09-14 22:42:03 [ERROR] (printf.js:11) - Redis Client Error Cannot create property 'Symbol(level)' on string 'Conectado a Redis'
2024-09-14 22:42:03 [ERROR] (printf.js:11) - Redis Client Error Cannot create property 'Symbol(level)' on string 'Conectado a Redis'
2024-09-14 22:42:04 [ERROR] (printf.js:11) - Redis Client Error Cannot create property 'Symbol(level)' on string 'Conectado a Redis'
2024-09-14 22:42:04 [ERROR] (printf.js:11) - Redis Client Error Cannot create property 'Symbol(level)' on string 'Conectado a Redis'
2024-09-14 22:42:05 [ERROR] (printf.js:11) - Redis Client Error Cannot create property 'Symbol(level)' on string 'Conectado a Redis'
2024-09-14 22:42:05 [ERROR] (printf.js:11) - Redis Client Error Cannot create property 'Symbol(level)' on string 'Conectado a Redis'
2024-09-14 22:42:06 [ERROR] (printf.js:11) - Redis Client Error Cannot create property 'Symbol(level)' on string 'Conectado a Redis'
2024-09-14 22:42:06 [ERROR] (printf.js:11) - Redis Client Error Cannot create property 'Symbol(level)' on string 'Conectado a Redis'
2024-09-14 22:42:07 [ERROR] (printf.js:11) - Redis Client Error Cannot create property 'Symbol(level)' on string 'Conectado a Redis'
2024-09-14 22:42:07 [ERROR] (printf.js:11) - Redis Client Error Cannot create property 'Symbol(level)' on string 'Conectado a Redis'
2024-09-14 22:42:08 [ERROR] (printf.js:11) - Redis Client Error Cannot create property 'Symbol(level)' on string 'Conectado a Redis'
2024-09-14 22:42:08 [ERROR] (printf.js:11) - Redis Client Error Cannot create property 'Symbol(level)' on string 'Conectado a Redis'
2024-09-14 22:42:09 [ERROR] (printf.js:11) - Redis Client Error Cannot create property 'Symbol(level)' on string 'Conectado a Redis'
2024-09-14 22:42:09 [ERROR] (printf.js:11) - Redis Client Error Cannot create property 'Symbol(level)' on string 'Conectado a Redis'
2024-09-14 22:42:10 [ERROR] (printf.js:11) - Redis Client Error Cannot create property 'Symbol(level)' on string 'Conectado a Redis'
2024-09-14 22:42:10 [ERROR] (printf.js:11) - Redis Client Error Cannot create property 'Symbol(level)' on string 'Conectado a Redis'
2024-09-14 22:42:11 [ERROR] (printf.js:11) - Redis Client Error Cannot create property 'Symbol(level)' on string 'Conectado a Redis'
2024-09-14 22:42:11 [ERROR] (printf.js:11) - Redis Client Error Cannot create property 'Symbol(level)' on string 'Conectado a Redis'
2024-09-14 22:42:12 [ERROR] (printf.js:11) - Redis Client Error Cannot create property 'Symbol(level)' on string 'Conectado a Redis'
2024-09-14 22:42:12 [ERROR] (printf.js:11) - Redis Client Error Cannot create property 'Symbol(level)' on string 'Conectado a Redis'
2024-09-14 22:42:13 [ERROR] (printf.js:11) - Redis Client Error Cannot create property 'Symbol(level)' on string 'Conectado a Redis'
2024-09-14 22:42:14 [ERROR] (printf.js:11) - Redis Client Error Cannot create property 'Symbol(level)' on string 'Conectado a Redis'
2024-09-14 22:42:14 [ERROR] (printf.js:11) - Redis Client Error Cannot create property 'Symbol(level)' on string 'Conectado a Redis'
2024-09-14 22:42:15 [ERROR] (printf.js:11) - Redis Client Error Cannot create property 'Symbol(level)' on string 'Conectado a Redis'
2024-09-14 22:42:15 [ERROR] (printf.js:11) - Redis Client Error Cannot create property 'Symbol(level)' on string 'Conectado a Redis'
2024-09-14 22:42:16 [ERROR] (printf.js:11) - Redis Client Error Cannot create property 'Symbol(level)' on string 'Conectado a Redis'
2024-09-14 22:42:16 [ERROR] (printf.js:11) - Redis Client Error Cannot create property 'Symbol(level)' on string 'Conectado a Redis'
2024-09-14 22:42:17 [ERROR] (printf.js:11) - Redis Client Error Cannot create property 'Symbol(level)' on string 'Conectado a Redis'
2024-09-14 22:42:17 [ERROR] (printf.js:11) - Redis Client Error Cannot create property 'Symbol(level)' on string 'Conectado a Redis'
2024-09-14 22:42:18 [ERROR] (printf.js:11) - Redis Client Error Cannot create property 'Symbol(level)' on string 'Conectado a Redis'
2024-09-14 22:42:18 [ERROR] (printf.js:11) - Redis Client Error Cannot create property 'Symbol(level)' on string 'Conectado a Redis'
2024-09-14 22:42:19 [ERROR] (printf.js:11) - Redis Client Error Cannot create property 'Symbol(level)' on string 'Conectado a Redis'
2024-09-14 22:42:19 [ERROR] (printf.js:11) - Redis Client Error Cannot create property 'Symbol(level)' on string 'Conectado a Redis'
2024-09-14 22:42:20 [ERROR] (printf.js:11) - Redis Client Error Cannot create property 'Symbol(level)' on string 'Conectado a Redis'
2024-09-14 22:42:20 [ERROR] (printf.js:11) - Redis Client Error Cannot create property 'Symbol(level)' on string 'Conectado a Redis'
2024-09-14 22:42:21 [ERROR] (printf.js:11) - Redis Client Error Cannot create property 'Symbol(level)' on string 'Conectado a Redis'
2024-09-14 22:42:21 [ERROR] (printf.js:11) - Redis Client Error Cannot create property 'Symbol(level)' on string 'Conectado a Redis'
2024-09-14 22:42:22 [ERROR] (printf.js:11) - Redis Client Error Cannot create property 'Symbol(level)' on string 'Conectado a Redis'
2024-09-14 22:42:22 [ERROR] (printf.js:11) - Redis Client Error Cannot create property 'Symbol(level)' on string 'Conectado a Redis'
2024-09-14 22:42:23 [ERROR] (printf.js:11) - Redis Client Error Cannot create property 'Symbol(level)' on string 'Conectado a Redis'
2024-09-14 22:42:23 [ERROR] (printf.js:11) - Redis Client Error Cannot create property 'Symbol(level)' on string 'Conectado a Redis'
2024-09-14 22:42:24 [ERROR] (printf.js:11) - Redis Client Error Cannot create property 'Symbol(level)' on string 'Conectado a Redis'
2024-09-14 22:42:24 [ERROR] (printf.js:11) - Redis Client Error Cannot create property 'Symbol(level)' on string 'Conectado a Redis'
2024-09-14 22:42:25 [ERROR] (printf.js:11) - Redis Client Error Cannot create property 'Symbol(level)' on string 'Conectado a Redis'
2024-09-14 22:42:25 [ERROR] (printf.js:11) - Redis Client Error Cannot create property 'Symbol(level)' on string 'Conectado a Redis'
2024-09-14 22:42:26 [ERROR] (printf.js:11) - Redis Client Error Cannot create property 'Symbol(level)' on string 'Conectado a Redis'
2024-09-14 22:42:26 [ERROR] (printf.js:11) - Redis Client Error Cannot create property 'Symbol(level)' on string 'Conectado a Redis'
2024-09-14 22:42:27 [ERROR] (printf.js:11) - Redis Client Error Cannot create property 'Symbol(level)' on string 'Conectado a Redis'
2024-09-14 22:42:27 [ERROR] (printf.js:11) - Redis Client Error Cannot create property 'Symbol(level)' on string 'Conectado a Redis'
2024-09-14 22:42:28 [ERROR] (printf.js:11) - Redis Client Error Cannot create property 'Symbol(level)' on string 'Conectado a Redis'
2024-09-14 22:42:28 [ERROR] (printf.js:11) - Redis Client Error Cannot create property 'Symbol(level)' on string 'Conectado a Redis'
2024-09-14 22:42:29 [ERROR] (printf.js:11) - Redis Client Error Cannot create property 'Symbol(level)' on string 'Conectado a Redis'
2024-09-14 22:42:29 [ERROR] (printf.js:11) - Redis Client Error Cannot create property 'Symbol(level)' on string 'Conectado a Redis'
2024-09-14 22:42:30 [ERROR] (printf.js:11) - Redis Client Error Cannot create property 'Symbol(level)' on string 'Conectado a Redis'
2024-09-14 22:42:30 [ERROR] (printf.js:11) - Redis Client Error Cannot create property 'Symbol(level)' on string 'Conectado a Redis'
2024-09-14 22:42:31 [ERROR] (printf.js:11) - Redis Client Error Cannot create property 'Symbol(level)' on string 'Conectado a Redis'
2024-09-14 22:42:31 [ERROR] (printf.js:11) - Redis Client Error Cannot create property 'Symbol(level)' on string 'Conectado a Redis'
2024-09-14 22:42:32 [ERROR] (printf.js:11) - Redis Client Error Cannot create property 'Symbol(level)' on string 'Conectado a Redis'
2024-09-14 22:42:32 [ERROR] (printf.js:11) - Redis Client Error Cannot create property 'Symbol(level)' on string 'Conectado a Redis'
2024-09-14 22:42:33 [ERROR] (printf.js:11) - Redis Client Error Cannot create property 'Symbol(level)' on string 'Conectado a Redis'
2024-09-14 22:42:34 [ERROR] (printf.js:11) - Redis Client Error Cannot create property 'Symbol(level)' on string 'Conectado a Redis'
2024-09-14 22:42:34 [ERROR] (printf.js:11) - Redis Client Error Cannot create property 'Symbol(level)' on string 'Conectado a Redis'
2024-09-14 22:42:35 [ERROR] (printf.js:11) - Redis Client Error Cannot create property 'Symbol(level)' on string 'Conectado a Redis'
2024-09-14 22:42:35 [ERROR] (printf.js:11) - Redis Client Error Cannot create property 'Symbol(level)' on string 'Conectado a Redis'
2024-09-14 22:42:36 [ERROR] (printf.js:11) - Redis Client Error Cannot create property 'Symbol(level)' on string 'Conectado a Redis'
2024-09-14 22:42:36 [ERROR] (printf.js:11) - Redis Client Error Cannot create property 'Symbol(level)' on string 'Conectado a Redis'
2024-09-14 22:42:37 [ERROR] (printf.js:11) - Redis Client Error Cannot create property 'Symbol(level)' on string 'Conectado a Redis'
2024-09-14 22:42:37 [ERROR] (printf.js:11) - Redis Client Error Cannot create property 'Symbol(level)' on string 'Conectado a Redis'
2024-09-14 22:42:38 [ERROR] (printf.js:11) - Redis Client Error Cannot create property 'Symbol(level)' on string 'Conectado a Redis'
2024-09-14 22:42:38 [ERROR] (printf.js:11) - Redis Client Error Cannot create property 'Symbol(level)' on string 'Conectado a Redis'
2024-09-14 22:42:39 [ERROR] (printf.js:11) - Redis Client Error Cannot create property 'Symbol(level)' on string 'Conectado a Redis'
2024-09-14 22:42:39 [ERROR] (printf.js:11) - Redis Client Error Cannot create property 'Symbol(level)' on string 'Conectado a Redis'
2024-09-14 22:42:40 [ERROR] (printf.js:11) - Redis Client Error Cannot create property 'Symbol(level)' on string 'Conectado a Redis'
2024-09-14 22:42:40 [ERROR] (printf.js:11) - Redis Client Error Cannot create property 'Symbol(level)' on string 'Conectado a Redis'
2024-09-14 22:42:41 [ERROR] (printf.js:11) - Redis Client Error Cannot create property 'Symbol(level)' on string 'Conectado a Redis'
2024-09-14 22:42:41 [ERROR] (printf.js:11) - Redis Client Error Cannot create property 'Symbol(level)' on string 'Conectado a Redis'
2024-09-14 22:42:42 [ERROR] (printf.js:11) - Redis Client Error Cannot create property 'Symbol(level)' on string 'Conectado a Redis'
2024-09-14 22:42:42 [ERROR] (printf.js:11) - Redis Client Error Cannot create property 'Symbol(level)' on string 'Conectado a Redis'
2024-09-14 22:42:43 [ERROR] (printf.js:11) - Redis Client Error Cannot create property 'Symbol(level)' on string 'Conectado a Redis'
2024-09-14 22:42:43 [ERROR] (printf.js:11) - Redis Client Error Cannot create property 'Symbol(level)' on string 'Conectado a Redis'
2024-09-14 22:42:44 [ERROR] (printf.js:11) - Redis Client Error Cannot create property 'Symbol(level)' on string 'Conectado a Redis'
2024-09-14 22:42:44 [ERROR] (printf.js:11) - Redis Client Error Cannot create property 'Symbol(level)' on string 'Conectado a Redis'
2024-09-14 22:42:45 [ERROR] (printf.js:11) - Redis Client Error Cannot create property 'Symbol(level)' on string 'Conectado a Redis'
2024-09-14 22:42:45 [ERROR] (printf.js:11) - Redis Client Error Cannot create property 'Symbol(level)' on string 'Conectado a Redis'
2024-09-14 22:42:46 [ERROR] (printf.js:11) - Redis Client Error Cannot create property 'Symbol(level)' on string 'Conectado a Redis'
2024-09-14 22:42:46 [ERROR] (printf.js:11) - Redis Client Error Cannot create property 'Symbol(level)' on string 'Conectado a Redis'
2024-09-14 22:42:47 [ERROR] (printf.js:11) - Redis Client Error Cannot create property 'Symbol(level)' on string 'Conectado a Redis'
2024-09-14 22:42:47 [ERROR] (printf.js:11) - Redis Client Error Cannot create property 'Symbol(level)' on string 'Conectado a Redis'
2024-09-14 22:42:48 [ERROR] (printf.js:11) - Redis Client Error Cannot create property 'Symbol(level)' on string 'Conectado a Redis'
2024-09-14 22:42:48 [ERROR] (printf.js:11) - Redis Client Error Cannot create property 'Symbol(level)' on string 'Conectado a Redis'
2024-09-14 22:42:49 [ERROR] (printf.js:11) - Redis Client Error Cannot create property 'Symbol(level)' on string 'Conectado a Redis'
2024-09-14 22:42:49 [ERROR] (printf.js:11) - Redis Client Error Cannot create property 'Symbol(level)' on string 'Conectado a Redis'
2024-09-14 22:42:50 [ERROR] (printf.js:11) - Redis Client Error Cannot create property 'Symbol(level)' on string 'Conectado a Redis'
2024-09-14 22:42:50 [ERROR] (printf.js:11) - Redis Client Error Cannot create property 'Symbol(level)' on string 'Conectado a Redis'
2024-09-14 22:42:51 [ERROR] (printf.js:11) - Redis Client Error Cannot create property 'Symbol(level)' on string 'Conectado a Redis'
2024-09-14 22:42:51 [ERROR] (printf.js:11) - Redis Client Error Cannot create property 'Symbol(level)' on string 'Conectado a Redis'
2024-09-14 22:42:52 [ERROR] (printf.js:11) - Redis Client Error Cannot create property 'Symbol(level)' on string 'Conectado a Redis'
2024-09-14 22:42:52 [ERROR] (printf.js:11) - Redis Client Error Cannot create property 'Symbol(level)' on string 'Conectado a Redis'
2024-09-14 22:42:53 [ERROR] (printf.js:11) - Redis Client Error Cannot create property 'Symbol(level)' on string 'Conectado a Redis'
2024-09-14 22:42:54 [ERROR] (printf.js:11) - Redis Client Error Cannot create property 'Symbol(level)' on string 'Conectado a Redis'
2024-09-14 22:42:54 [ERROR] (printf.js:11) - Redis Client Error Cannot create property 'Symbol(level)' on string 'Conectado a Redis'
2024-09-14 22:42:55 [ERROR] (printf.js:11) - Redis Client Error Cannot create property 'Symbol(level)' on string 'Conectado a Redis'
2024-09-14 22:42:55 [ERROR] (printf.js:11) - Redis Client Error Cannot create property 'Symbol(level)' on string 'Conectado a Redis'
2024-09-14 22:42:56 [ERROR] (printf.js:11) - Redis Client Error Cannot create property 'Symbol(level)' on string 'Conectado a Redis'
2024-09-14 22:42:56 [ERROR] (printf.js:11) - Redis Client Error Cannot create property 'Symbol(level)' on string 'Conectado a Redis'
2024-09-14 22:42:57 [ERROR] (printf.js:11) - Redis Client Error Cannot create property 'Symbol(level)' on string 'Conectado a Redis'
2024-09-14 22:42:57 [ERROR] (printf.js:11) - Redis Client Error Cannot create property 'Symbol(level)' on string 'Conectado a Redis'
2024-09-14 22:42:58 [ERROR] (printf.js:11) - Redis Client Error Cannot create property 'Symbol(level)' on string 'Conectado a Redis'
2024-09-14 22:42:58 [ERROR] (printf.js:11) - Redis Client Error Cannot create property 'Symbol(level)' on string 'Conectado a Redis'
2024-09-14 22:42:59 [ERROR] (printf.js:11) - Redis Client Error Cannot create property 'Symbol(level)' on string 'Conectado a Redis'
2024-09-14 22:42:59 [ERROR] (printf.js:11) - Redis Client Error Cannot create property 'Symbol(level)' on string 'Conectado a Redis'
2024-09-14 22:43:00 [ERROR] (printf.js:11) - Redis Client Error Cannot create property 'Symbol(level)' on string 'Conectado a Redis'
2024-09-14 22:43:00 [ERROR] (printf.js:11) - Redis Client Error Cannot create property 'Symbol(level)' on string 'Conectado a Redis'
2024-09-14 22:43:01 [ERROR] (printf.js:11) - Redis Client Error Cannot create property 'Symbol(level)' on string 'Conectado a Redis'
2024-09-14 22:43:01 [ERROR] (printf.js:11) - Redis Client Error Cannot create property 'Symbol(level)' on string 'Conectado a Redis'
2024-09-14 22:43:02 [ERROR] (printf.js:11) - Redis Client Error Cannot create property 'Symbol(level)' on string 'Conectado a Redis'
2024-09-14 22:43:02 [ERROR] (printf.js:11) - Redis Client Error Cannot create property 'Symbol(level)' on string 'Conectado a Redis'
2024-09-14 22:43:03 [ERROR] (printf.js:11) - Redis Client Error Cannot create property 'Symbol(level)' on string 'Conectado a Redis'
2024-09-14 22:43:03 [ERROR] (printf.js:11) - Redis Client Error Cannot create property 'Symbol(level)' on string 'Conectado a Redis'
2024-09-14 22:43:04 [ERROR] (printf.js:11) - Redis Client Error Cannot create property 'Symbol(level)' on string 'Conectado a Redis'
2024-09-14 22:43:04 [ERROR] (printf.js:11) - Redis Client Error Cannot create property 'Symbol(level)' on string 'Conectado a Redis'
2024-09-14 22:43:05 [ERROR] (printf.js:11) - Redis Client Error Cannot create property 'Symbol(level)' on string 'Conectado a Redis'
2024-09-14 22:43:05 [ERROR] (printf.js:11) - Redis Client Error Cannot create property 'Symbol(level)' on string 'Conectado a Redis'
2024-09-14 22:43:06 [ERROR] (printf.js:11) - Redis Client Error Cannot create property 'Symbol(level)' on string 'Conectado a Redis'
2024-09-14 22:43:06 [ERROR] (printf.js:11) - Redis Client Error Cannot create property 'Symbol(level)' on string 'Conectado a Redis'
2024-09-14 22:43:07 [ERROR] (printf.js:11) - Redis Client Error Cannot create property 'Symbol(level)' on string 'Conectado a Redis'
2024-09-14 22:43:07 [ERROR] (printf.js:11) - Redis Client Error Cannot create property 'Symbol(level)' on string 'Conectado a Redis'
2024-09-14 22:43:08 [ERROR] (printf.js:11) - Redis Client Error Cannot create property 'Symbol(level)' on string 'Conectado a Redis'
2024-09-14 22:43:08 [ERROR] (printf.js:11) - Redis Client Error Cannot create property 'Symbol(level)' on string 'Conectado a Redis'
2024-09-14 22:43:09 [ERROR] (printf.js:11) - Redis Client Error Cannot create property 'Symbol(level)' on string 'Conectado a Redis'
2024-09-14 22:43:09 [ERROR] (printf.js:11) - Redis Client Error Cannot create property 'Symbol(level)' on string 'Conectado a Redis'
2024-09-14 22:43:10 [ERROR] (printf.js:11) - Redis Client Error Cannot create property 'Symbol(level)' on string 'Conectado a Redis'
2024-09-14 22:43:10 [ERROR] (printf.js:11) - Redis Client Error Cannot create property 'Symbol(level)' on string 'Conectado a Redis'
2024-09-14 22:43:11 [ERROR] (printf.js:11) - Redis Client Error Cannot create property 'Symbol(level)' on string 'Conectado a Redis'
2024-09-14 22:43:12 [ERROR] (printf.js:11) - Redis Client Error Cannot create property 'Symbol(level)' on string 'Conectado a Redis'
2024-09-14 22:43:12 [ERROR] (printf.js:11) - Redis Client Error Cannot create property 'Symbol(level)' on string 'Conectado a Redis'
2024-09-14 22:43:13 [ERROR] (printf.js:11) - Redis Client Error Cannot create property 'Symbol(level)' on string 'Conectado a Redis'
2024-09-14 22:43:13 [ERROR] (printf.js:11) - Redis Client Error Cannot create property 'Symbol(level)' on string 'Conectado a Redis'
2024-09-14 22:43:14 [ERROR] (printf.js:11) - Redis Client Error Cannot create property 'Symbol(level)' on string 'Conectado a Redis'
2024-09-14 22:43:14 [ERROR] (printf.js:11) - Redis Client Error Cannot create property 'Symbol(level)' on string 'Conectado a Redis'
2024-09-14 22:43:15 [ERROR] (printf.js:11) - Redis Client Error Cannot create property 'Symbol(level)' on string 'Conectado a Redis'
2024-09-14 22:43:15 [ERROR] (printf.js:11) - Redis Client Error Cannot create property 'Symbol(level)' on string 'Conectado a Redis'
2024-09-14 22:43:16 [ERROR] (printf.js:11) - Redis Client Error Cannot create property 'Symbol(level)' on string 'Conectado a Redis'
2024-09-14 22:43:16 [ERROR] (printf.js:11) - Redis Client Error Cannot create property 'Symbol(level)' on string 'Conectado a Redis'
2024-09-14 22:43:17 [ERROR] (printf.js:11) - Redis Client Error Cannot create property 'Symbol(level)' on string 'Conectado a Redis'
2024-09-14 22:43:17 [ERROR] (printf.js:11) - Redis Client Error Cannot create property 'Symbol(level)' on string 'Conectado a Redis'
2024-09-14 22:43:18 [ERROR] (printf.js:11) - Redis Client Error Cannot create property 'Symbol(level)' on string 'Conectado a Redis'
2024-09-14 22:43:18 [ERROR] (printf.js:11) - Redis Client Error Cannot create property 'Symbol(level)' on string 'Conectado a Redis'
2024-09-14 22:43:19 [ERROR] (printf.js:11) - Redis Client Error Cannot create property 'Symbol(level)' on string 'Conectado a Redis'
2024-09-14 22:43:19 [ERROR] (printf.js:11) - Redis Client Error Cannot create property 'Symbol(level)' on string 'Conectado a Redis'
2024-09-14 22:43:20 [ERROR] (printf.js:11) - Redis Client Error Cannot create property 'Symbol(level)' on string 'Conectado a Redis'
2024-09-14 22:43:20 [ERROR] (printf.js:11) - Redis Client Error Cannot create property 'Symbol(level)' on string 'Conectado a Redis'
2024-09-14 22:43:21 [ERROR] (printf.js:11) - Redis Client Error Cannot create property 'Symbol(level)' on string 'Conectado a Redis'
2024-09-14 22:43:21 [ERROR] (printf.js:11) - Redis Client Error Cannot create property 'Symbol(level)' on string 'Conectado a Redis'
2024-09-14 22:43:22 [ERROR] (printf.js:11) - Redis Client Error Cannot create property 'Symbol(level)' on string 'Conectado a Redis'
2024-09-14 22:43:22 [ERROR] (printf.js:11) - Redis Client Error Cannot create property 'Symbol(level)' on string 'Conectado a Redis'
2024-09-14 22:43:23 [ERROR] (printf.js:11) - Redis Client Error Cannot create property 'Symbol(level)' on string 'Conectado a Redis'
2024-09-14 22:43:23 [ERROR] (printf.js:11) - Redis Client Error Cannot create property 'Symbol(level)' on string 'Conectado a Redis'
2024-09-14 22:43:24 [ERROR] (printf.js:11) - Redis Client Error Cannot create property 'Symbol(level)' on string 'Conectado a Redis'
2024-09-14 22:43:24 [ERROR] (printf.js:11) - Redis Client Error Cannot create property 'Symbol(level)' on string 'Conectado a Redis'
2024-09-14 22:43:25 [ERROR] (printf.js:11) - Redis Client Error Cannot create property 'Symbol(level)' on string 'Conectado a Redis'
2024-09-14 22:43:25 [ERROR] (printf.js:11) - Redis Client Error Cannot create property 'Symbol(level)' on string 'Conectado a Redis'
2024-09-14 22:43:26 [ERROR] (printf.js:11) - Redis Client Error Cannot create property 'Symbol(level)' on string 'Conectado a Redis'
2024-09-14 22:43:26 [ERROR] (printf.js:11) - Redis Client Error Cannot create property 'Symbol(level)' on string 'Conectado a Redis'
2024-09-14 22:43:27 [ERROR] (printf.js:11) - Redis Client Error Cannot create property 'Symbol(level)' on string 'Conectado a Redis'
2024-09-14 22:43:27 [ERROR] (printf.js:11) - Redis Client Error Cannot create property 'Symbol(level)' on string 'Conectado a Redis'
2024-09-14 22:43:28 [ERROR] (printf.js:11) - Redis Client Error Cannot create property 'Symbol(level)' on string 'Conectado a Redis'
2024-09-14 22:43:28 [ERROR] (printf.js:11) - Redis Client Error Cannot create property 'Symbol(level)' on string 'Conectado a Redis'
2024-09-14 22:43:29 [ERROR] (printf.js:11) - Redis Client Error Cannot create property 'Symbol(level)' on string 'Conectado a Redis'
2024-09-14 22:43:29 [ERROR] (printf.js:11) - Redis Client Error Cannot create property 'Symbol(level)' on string 'Conectado a Redis'
2024-09-14 22:43:30 [ERROR] (printf.js:11) - Redis Client Error Cannot create property 'Symbol(level)' on string 'Conectado a Redis'
2024-09-14 22:43:30 [ERROR] (printf.js:11) - Redis Client Error Cannot create property 'Symbol(level)' on string 'Conectado a Redis'
2024-09-14 22:43:31 [ERROR] (printf.js:11) - Redis Client Error Cannot create property 'Symbol(level)' on string 'Conectado a Redis'
2024-09-14 22:43:31 [ERROR] (printf.js:11) - Redis Client Error Cannot create property 'Symbol(level)' on string 'Conectado a Redis'
2024-09-14 22:43:32 [ERROR] (printf.js:11) - Redis Client Error Cannot create property 'Symbol(level)' on string 'Conectado a Redis'
2024-09-14 22:43:33 [ERROR] (printf.js:11) - Redis Client Error Cannot create property 'Symbol(level)' on string 'Conectado a Redis'
2024-09-14 22:43:33 [ERROR] (printf.js:11) - Redis Client Error Cannot create property 'Symbol(level)' on string 'Conectado a Redis'
2024-09-14 22:43:34 [ERROR] (printf.js:11) - Redis Client Error Cannot create property 'Symbol(level)' on string 'Conectado a Redis'
2024-09-14 22:43:34 [ERROR] (printf.js:11) - Redis Client Error Cannot create property 'Symbol(level)' on string 'Conectado a Redis'
2024-09-14 22:43:35 [ERROR] (printf.js:11) - Redis Client Error Cannot create property 'Symbol(level)' on string 'Conectado a Redis'
2024-09-14 22:43:35 [ERROR] (printf.js:11) - Redis Client Error Cannot create property 'Symbol(level)' on string 'Conectado a Redis'
2024-09-14 22:43:36 [ERROR] (printf.js:11) - Redis Client Error Cannot create property 'Symbol(level)' on string 'Conectado a Redis'
2024-09-14 22:43:36 [ERROR] (printf.js:11) - Redis Client Error Cannot create property 'Symbol(level)' on string 'Conectado a Redis'
2024-09-14 22:43:37 [ERROR] (printf.js:11) - Redis Client Error Cannot create property 'Symbol(level)' on string 'Conectado a Redis'
2024-09-14 22:43:37 [ERROR] (printf.js:11) - Redis Client Error Cannot create property 'Symbol(level)' on string 'Conectado a Redis'
2024-09-14 22:43:38 [ERROR] (printf.js:11) - Redis Client Error Cannot create property 'Symbol(level)' on string 'Conectado a Redis'
2024-09-14 22:43:38 [ERROR] (printf.js:11) - Redis Client Error Cannot create property 'Symbol(level)' on string 'Conectado a Redis'
2024-09-14 22:43:39 [ERROR] (printf.js:11) - Redis Client Error Cannot create property 'Symbol(level)' on string 'Conectado a Redis'
2024-09-14 22:43:39 [ERROR] (printf.js:11) - Redis Client Error Cannot create property 'Symbol(level)' on string 'Conectado a Redis'
2024-09-14 22:43:40 [ERROR] (printf.js:11) - Redis Client Error Cannot create property 'Symbol(level)' on string 'Conectado a Redis'
2024-09-14 22:43:40 [ERROR] (printf.js:11) - Redis Client Error Cannot create property 'Symbol(level)' on string 'Conectado a Redis'
2024-09-14 22:43:41 [ERROR] (printf.js:11) - Redis Client Error Cannot create property 'Symbol(level)' on string 'Conectado a Redis'
2024-09-14 22:43:41 [ERROR] (printf.js:11) - Redis Client Error Cannot create property 'Symbol(level)' on string 'Conectado a Redis'
2024-09-14 22:43:42 [ERROR] (printf.js:11) - Redis Client Error Cannot create property 'Symbol(level)' on string 'Conectado a Redis'
2024-09-14 22:43:42 [ERROR] (printf.js:11) - Redis Client Error Cannot create property 'Symbol(level)' on string 'Conectado a Redis'
2024-09-14 22:43:43 [ERROR] (printf.js:11) - Redis Client Error Cannot create property 'Symbol(level)' on string 'Conectado a Redis'
2024-09-14 22:43:43 [ERROR] (printf.js:11) - Redis Client Error Cannot create property 'Symbol(level)' on string 'Conectado a Redis'
2024-09-14 22:43:44 [ERROR] (printf.js:11) - Redis Client Error Cannot create property 'Symbol(level)' on string 'Conectado a Redis'
2024-09-14 22:43:44 [ERROR] (printf.js:11) - Redis Client Error Cannot create property 'Symbol(level)' on string 'Conectado a Redis'
2024-09-14 22:43:45 [ERROR] (printf.js:11) - Redis Client Error Cannot create property 'Symbol(level)' on string 'Conectado a Redis'
2024-09-14 22:43:45 [ERROR] (printf.js:11) - Redis Client Error Cannot create property 'Symbol(level)' on string 'Conectado a Redis'
2024-09-14 22:43:46 [ERROR] (printf.js:11) - Redis Client Error Cannot create property 'Symbol(level)' on string 'Conectado a Redis'
2024-09-14 22:43:46 [ERROR] (printf.js:11) - Redis Client Error Cannot create property 'Symbol(level)' on string 'Conectado a Redis'
2024-09-14 22:43:47 [ERROR] (printf.js:11) - Redis Client Error Cannot create property 'Symbol(level)' on string 'Conectado a Redis'
2024-09-14 22:43:47 [ERROR] (printf.js:11) - Redis Client Error Cannot create property 'Symbol(level)' on string 'Conectado a Redis'
2024-09-14 22:43:48 [ERROR] (printf.js:11) - Redis Client Error Cannot create property 'Symbol(level)' on string 'Conectado a Redis'
2024-09-14 22:43:48 [ERROR] (printf.js:11) - Redis Client Error Cannot create property 'Symbol(level)' on string 'Conectado a Redis'
2024-09-14 22:43:49 [ERROR] (printf.js:11) - Redis Client Error Cannot create property 'Symbol(level)' on string 'Conectado a Redis'
2024-09-14 22:43:49 [ERROR] (printf.js:11) - Redis Client Error Cannot create property 'Symbol(level)' on string 'Conectado a Redis'
2024-09-14 22:43:50 [ERROR] (printf.js:11) - Redis Client Error Cannot create property 'Symbol(level)' on string 'Conectado a Redis'
2024-09-14 22:43:51 [ERROR] (printf.js:11) - Redis Client Error Cannot create property 'Symbol(level)' on string 'Conectado a Redis'
2024-09-14 22:43:51 [ERROR] (printf.js:11) - Redis Client Error Cannot create property 'Symbol(level)' on string 'Conectado a Redis'
2024-09-14 22:43:52 [ERROR] (printf.js:11) - Redis Client Error Cannot create property 'Symbol(level)' on string 'Conectado a Redis'
2024-09-14 22:43:52 [ERROR] (printf.js:11) - Redis Client Error Cannot create property 'Symbol(level)' on string 'Conectado a Redis'
2024-09-14 22:43:53 [ERROR] (printf.js:11) - Redis Client Error Cannot create property 'Symbol(level)' on string 'Conectado a Redis'
2024-09-14 22:43:53 [ERROR] (printf.js:11) - Redis Client Error Cannot create property 'Symbol(level)' on string 'Conectado a Redis'
2024-09-14 22:43:54 [ERROR] (printf.js:11) - Redis Client Error Cannot create property 'Symbol(level)' on string 'Conectado a Redis'
2024-09-14 22:43:54 [ERROR] (printf.js:11) - Redis Client Error Cannot create property 'Symbol(level)' on string 'Conectado a Redis'
2024-09-14 22:43:55 [ERROR] (printf.js:11) - Redis Client Error Cannot create property 'Symbol(level)' on string 'Conectado a Redis'
2024-09-14 22:43:55 [ERROR] (printf.js:11) - Redis Client Error Cannot create property 'Symbol(level)' on string 'Conectado a Redis'
2024-09-14 22:43:56 [ERROR] (printf.js:11) - Redis Client Error Cannot create property 'Symbol(level)' on string 'Conectado a Redis'
2024-09-14 22:43:56 [ERROR] (printf.js:11) - Redis Client Error Cannot create property 'Symbol(level)' on string 'Conectado a Redis'
2024-09-14 22:43:57 [ERROR] (printf.js:11) - Redis Client Error Cannot create property 'Symbol(level)' on string 'Conectado a Redis'
2024-09-14 22:43:57 [ERROR] (printf.js:11) - Redis Client Error Cannot create property 'Symbol(level)' on string 'Conectado a Redis'
2024-09-14 22:43:58 [ERROR] (printf.js:11) - Redis Client Error Cannot create property 'Symbol(level)' on string 'Conectado a Redis'
2024-09-14 22:43:58 [ERROR] (printf.js:11) - Redis Client Error Cannot create property 'Symbol(level)' on string 'Conectado a Redis'
2024-09-14 22:43:59 [ERROR] (printf.js:11) - Redis Client Error Cannot create property 'Symbol(level)' on string 'Conectado a Redis'
2024-09-14 22:43:59 [ERROR] (printf.js:11) - Redis Client Error Cannot create property 'Symbol(level)' on string 'Conectado a Redis'
2024-09-14 22:44:00 [ERROR] (printf.js:11) - Redis Client Error Cannot create property 'Symbol(level)' on string 'Conectado a Redis'
2024-09-14 22:44:00 [ERROR] (printf.js:11) - Redis Client Error Cannot create property 'Symbol(level)' on string 'Conectado a Redis'
2024-09-14 22:44:01 [ERROR] (printf.js:11) - Redis Client Error Cannot create property 'Symbol(level)' on string 'Conectado a Redis'
2024-09-14 22:44:01 [ERROR] (printf.js:11) - Redis Client Error Cannot create property 'Symbol(level)' on string 'Conectado a Redis'
2024-09-14 22:44:02 [ERROR] (printf.js:11) - Redis Client Error Cannot create property 'Symbol(level)' on string 'Conectado a Redis'
2024-09-14 22:44:02 [ERROR] (printf.js:11) - Redis Client Error Cannot create property 'Symbol(level)' on string 'Conectado a Redis'
2024-09-14 22:44:03 [ERROR] (printf.js:11) - Redis Client Error Cannot create property 'Symbol(level)' on string 'Conectado a Redis'
2024-09-14 22:44:03 [ERROR] (printf.js:11) - Redis Client Error Cannot create property 'Symbol(level)' on string 'Conectado a Redis'
2024-09-14 22:44:04 [ERROR] (printf.js:11) - Redis Client Error Cannot create property 'Symbol(level)' on string 'Conectado a Redis'
2024-09-14 22:44:04 [ERROR] (printf.js:11) - Redis Client Error Cannot create property 'Symbol(level)' on string 'Conectado a Redis'
2024-09-14 22:44:05 [ERROR] (printf.js:11) - Redis Client Error Cannot create property 'Symbol(level)' on string 'Conectado a Redis'
2024-09-14 22:44:05 [ERROR] (printf.js:11) - Redis Client Error Cannot create property 'Symbol(level)' on string 'Conectado a Redis'
2024-09-14 22:44:06 [ERROR] (printf.js:11) - Redis Client Error Cannot create property 'Symbol(level)' on string 'Conectado a Redis'
2024-09-14 22:44:06 [ERROR] (printf.js:11) - Redis Client Error Cannot create property 'Symbol(level)' on string 'Conectado a Redis'
2024-09-14 22:44:07 [ERROR] (printf.js:11) - Redis Client Error Cannot create property 'Symbol(level)' on string 'Conectado a Redis'
2024-09-14 22:44:07 [ERROR] (printf.js:11) - Redis Client Error Cannot create property 'Symbol(level)' on string 'Conectado a Redis'
2024-09-14 22:44:08 [ERROR] (printf.js:11) - Redis Client Error Cannot create property 'Symbol(level)' on string 'Conectado a Redis'
2024-09-14 22:44:08 [ERROR] (printf.js:11) - Redis Client Error Cannot create property 'Symbol(level)' on string 'Conectado a Redis'
2024-09-14 22:44:09 [ERROR] (printf.js:11) - Redis Client Error Cannot create property 'Symbol(level)' on string 'Conectado a Redis'
2024-09-14 22:44:09 [ERROR] (printf.js:11) - Redis Client Error Cannot create property 'Symbol(level)' on string 'Conectado a Redis'
2024-09-14 22:44:10 [ERROR] (printf.js:11) - Redis Client Error Cannot create property 'Symbol(level)' on string 'Conectado a Redis'
2024-09-14 22:44:11 [ERROR] (printf.js:11) - Redis Client Error Cannot create property 'Symbol(level)' on string 'Conectado a Redis'
2024-09-14 22:44:11 [ERROR] (printf.js:11) - Redis Client Error Cannot create property 'Symbol(level)' on string 'Conectado a Redis'
2024-09-14 22:44:12 [ERROR] (printf.js:11) - Redis Client Error Cannot create property 'Symbol(level)' on string 'Conectado a Redis'
2024-09-14 22:44:12 [ERROR] (printf.js:11) - Redis Client Error Cannot create property 'Symbol(level)' on string 'Conectado a Redis'
2024-09-14 22:44:13 [ERROR] (printf.js:11) - Redis Client Error Cannot create property 'Symbol(level)' on string 'Conectado a Redis'
2024-09-14 22:44:18 [ERROR] (printf.js:11) - Redis Client Error Cannot create property 'Symbol(level)' on string 'Conectado a Redis'
2024-09-14 22:44:18 [ERROR] (printf.js:11) - Redis Client Error Cannot create property 'Symbol(level)' on string 'Conectado a Redis'
2024-09-14 22:44:18 [ERROR] (printf.js:11) - Redis Client Error Cannot create property 'Symbol(level)' on string 'Conectado a Redis'
2024-09-14 22:44:18 [ERROR] (printf.js:11) - Redis Client Error Cannot create property 'Symbol(level)' on string 'Conectado a Redis'
2024-09-14 22:44:18 [ERROR] (printf.js:11) - Redis Client Error Cannot create property 'Symbol(level)' on string 'Conectado a Redis'
2024-09-14 22:44:18 [ERROR] (printf.js:11) - Redis Client Error Cannot create property 'Symbol(level)' on string 'Conectado a Redis'
2024-09-14 22:44:19 [ERROR] (printf.js:11) - Redis Client Error Cannot create property 'Symbol(level)' on string 'Conectado a Redis'
2024-09-14 22:44:19 [ERROR] (printf.js:11) - Redis Client Error Cannot create property 'Symbol(level)' on string 'Conectado a Redis'
2024-09-14 22:44:19 [ERROR] (printf.js:11) - Redis Client Error Cannot create property 'Symbol(level)' on string 'Conectado a Redis'
2024-09-14 22:44:20 [ERROR] (printf.js:11) - Redis Client Error Cannot create property 'Symbol(level)' on string 'Conectado a Redis'
2024-09-14 22:44:20 [ERROR] (printf.js:11) - Redis Client Error Cannot create property 'Symbol(level)' on string 'Conectado a Redis'
2024-09-14 22:44:21 [ERROR] (printf.js:11) - Redis Client Error Cannot create property 'Symbol(level)' on string 'Conectado a Redis'
2024-09-14 22:44:21 [ERROR] (printf.js:11) - Redis Client Error Cannot create property 'Symbol(level)' on string 'Conectado a Redis'
2024-09-14 22:44:22 [ERROR] (printf.js:11) - Redis Client Error Cannot create property 'Symbol(level)' on string 'Conectado a Redis'
2024-09-14 22:44:22 [ERROR] (printf.js:11) - Redis Client Error Cannot create property 'Symbol(level)' on string 'Conectado a Redis'
2024-09-14 22:44:23 [ERROR] (printf.js:11) - Redis Client Error Cannot create property 'Symbol(level)' on string 'Conectado a Redis'
2024-09-14 22:44:23 [ERROR] (printf.js:11) - Redis Client Error Cannot create property 'Symbol(level)' on string 'Conectado a Redis'
2024-09-14 22:44:24 [ERROR] (printf.js:11) - Redis Client Error Cannot create property 'Symbol(level)' on string 'Conectado a Redis'
2024-09-14 22:44:24 [ERROR] (printf.js:11) - Redis Client Error Cannot create property 'Symbol(level)' on string 'Conectado a Redis'
2024-09-14 22:44:25 [ERROR] (printf.js:11) - Redis Client Error Cannot create property 'Symbol(level)' on string 'Conectado a Redis'
2024-09-14 22:44:25 [ERROR] (printf.js:11) - Redis Client Error Cannot create property 'Symbol(level)' on string 'Conectado a Redis'
2024-09-14 22:44:26 [ERROR] (printf.js:11) - Redis Client Error Cannot create property 'Symbol(level)' on string 'Conectado a Redis'
2024-09-14 22:44:26 [ERROR] (printf.js:11) - Redis Client Error Cannot create property 'Symbol(level)' on string 'Conectado a Redis'
2024-09-14 22:44:27 [ERROR] (printf.js:11) - Redis Client Error Cannot create property 'Symbol(level)' on string 'Conectado a Redis'
2024-09-14 22:44:27 [ERROR] (printf.js:11) - Redis Client Error Cannot create property 'Symbol(level)' on string 'Conectado a Redis'
2024-09-14 22:44:28 [ERROR] (printf.js:11) - Redis Client Error Cannot create property 'Symbol(level)' on string 'Conectado a Redis'
2024-09-14 22:44:28 [ERROR] (printf.js:11) - Redis Client Error Cannot create property 'Symbol(level)' on string 'Conectado a Redis'
2024-09-14 22:44:29 [ERROR] (printf.js:11) - Redis Client Error Cannot create property 'Symbol(level)' on string 'Conectado a Redis'
2024-09-14 22:44:29 [ERROR] (printf.js:11) - Redis Client Error Cannot create property 'Symbol(level)' on string 'Conectado a Redis'
2024-09-14 22:44:30 [ERROR] (printf.js:11) - Redis Client Error Cannot create property 'Symbol(level)' on string 'Conectado a Redis'
2024-09-14 22:44:30 [ERROR] (printf.js:11) - Redis Client Error Cannot create property 'Symbol(level)' on string 'Conectado a Redis'
2024-09-14 22:44:31 [ERROR] (printf.js:11) - Redis Client Error Cannot create property 'Symbol(level)' on string 'Conectado a Redis'
2024-09-14 22:44:31 [ERROR] (printf.js:11) - Redis Client Error Cannot create property 'Symbol(level)' on string 'Conectado a Redis'
2024-09-14 22:44:32 [ERROR] (printf.js:11) - Redis Client Error Cannot create property 'Symbol(level)' on string 'Conectado a Redis'
2024-09-14 22:44:32 [ERROR] (printf.js:11) - Redis Client Error Cannot create property 'Symbol(level)' on string 'Conectado a Redis'
2024-09-14 22:44:33 [ERROR] (printf.js:11) - Redis Client Error Cannot create property 'Symbol(level)' on string 'Conectado a Redis'
2024-09-14 22:44:33 [ERROR] (printf.js:11) - Redis Client Error Cannot create property 'Symbol(level)' on string 'Conectado a Redis'
2024-09-14 22:44:34 [ERROR] (printf.js:11) - Redis Client Error Cannot create property 'Symbol(level)' on string 'Conectado a Redis'
2024-09-14 22:44:34 [ERROR] (printf.js:11) - Redis Client Error Cannot create property 'Symbol(level)' on string 'Conectado a Redis'
2024-09-14 22:44:35 [ERROR] (printf.js:11) - Redis Client Error Cannot create property 'Symbol(level)' on string 'Conectado a Redis'
2024-09-14 22:44:35 [ERROR] (printf.js:11) - Redis Client Error Cannot create property 'Symbol(level)' on string 'Conectado a Redis'
2024-09-14 22:44:36 [ERROR] (printf.js:11) - Redis Client Error Cannot create property 'Symbol(level)' on string 'Conectado a Redis'
2024-09-14 22:44:37 [ERROR] (printf.js:11) - Redis Client Error Cannot create property 'Symbol(level)' on string 'Conectado a Redis'
2024-09-14 22:44:37 [ERROR] (printf.js:11) - Redis Client Error Cannot create property 'Symbol(level)' on string 'Conectado a Redis'
2024-09-14 22:44:38 [ERROR] (printf.js:11) - Redis Client Error Cannot create property 'Symbol(level)' on string 'Conectado a Redis'
2024-09-14 22:44:38 [ERROR] (printf.js:11) - Redis Client Error Cannot create property 'Symbol(level)' on string 'Conectado a Redis'
2024-09-14 22:44:39 [ERROR] (printf.js:11) - Redis Client Error Cannot create property 'Symbol(level)' on string 'Conectado a Redis'
2024-09-14 22:44:39 [ERROR] (printf.js:11) - Redis Client Error Cannot create property 'Symbol(level)' on string 'Conectado a Redis'
2024-09-14 22:44:40 [ERROR] (printf.js:11) - Redis Client Error Cannot create property 'Symbol(level)' on string 'Conectado a Redis'
2024-09-14 22:44:40 [ERROR] (printf.js:11) - Redis Client Error Cannot create property 'Symbol(level)' on string 'Conectado a Redis'
2024-09-14 22:44:41 [ERROR] (printf.js:11) - Redis Client Error Cannot create property 'Symbol(level)' on string 'Conectado a Redis'
2024-09-14 22:44:41 [ERROR] (printf.js:11) - Redis Client Error Cannot create property 'Symbol(level)' on string 'Conectado a Redis'
2024-09-14 22:44:42 [ERROR] (printf.js:11) - Redis Client Error Cannot create property 'Symbol(level)' on string 'Conectado a Redis'
2024-09-14 22:44:42 [ERROR] (printf.js:11) - Redis Client Error Cannot create property 'Symbol(level)' on string 'Conectado a Redis'
2024-09-14 22:44:43 [ERROR] (printf.js:11) - Redis Client Error Cannot create property 'Symbol(level)' on string 'Conectado a Redis'
2024-09-14 22:44:43 [ERROR] (printf.js:11) - Redis Client Error Cannot create property 'Symbol(level)' on string 'Conectado a Redis'
2024-09-14 22:44:44 [ERROR] (printf.js:11) - Redis Client Error Cannot create property 'Symbol(level)' on string 'Conectado a Redis'
2024-09-14 22:44:44 [ERROR] (printf.js:11) - Redis Client Error Cannot create property 'Symbol(level)' on string 'Conectado a Redis'
2024-09-14 22:44:45 [ERROR] (printf.js:11) - Redis Client Error Cannot create property 'Symbol(level)' on string 'Conectado a Redis'
2024-09-14 22:44:45 [ERROR] (printf.js:11) - Redis Client Error Cannot create property 'Symbol(level)' on string 'Conectado a Redis'
2024-09-14 22:44:46 [ERROR] (printf.js:11) - Redis Client Error Cannot create property 'Symbol(level)' on string 'Conectado a Redis'
2024-09-14 22:44:46 [ERROR] (printf.js:11) - Redis Client Error Cannot create property 'Symbol(level)' on string 'Conectado a Redis'
2024-09-14 22:44:47 [ERROR] (printf.js:11) - Redis Client Error Cannot create property 'Symbol(level)' on string 'Conectado a Redis'
2024-09-14 22:44:47 [ERROR] (printf.js:11) - Redis Client Error Cannot create property 'Symbol(level)' on string 'Conectado a Redis'
2024-09-14 22:44:48 [ERROR] (printf.js:11) - Redis Client Error Cannot create property 'Symbol(level)' on string 'Conectado a Redis'
2024-09-14 22:44:48 [ERROR] (printf.js:11) - Redis Client Error Cannot create property 'Symbol(level)' on string 'Conectado a Redis'
2024-09-14 22:44:49 [ERROR] (printf.js:11) - Redis Client Error Cannot create property 'Symbol(level)' on string 'Conectado a Redis'
2024-09-14 22:44:49 [ERROR] (printf.js:11) - Redis Client Error Cannot create property 'Symbol(level)' on string 'Conectado a Redis'
2024-09-14 22:44:50 [ERROR] (printf.js:11) - Redis Client Error Cannot create property 'Symbol(level)' on string 'Conectado a Redis'
2024-09-14 22:44:50 [ERROR] (printf.js:11) - Redis Client Error Cannot create property 'Symbol(level)' on string 'Conectado a Redis'
2024-09-14 22:44:51 [ERROR] (printf.js:11) - Redis Client Error Cannot create property 'Symbol(level)' on string 'Conectado a Redis'
2024-09-14 22:44:51 [ERROR] (printf.js:11) - Redis Client Error Cannot create property 'Symbol(level)' on string 'Conectado a Redis'
2024-09-14 22:44:52 [ERROR] (printf.js:11) - Redis Client Error Cannot create property 'Symbol(level)' on string 'Conectado a Redis'
2024-09-14 22:44:52 [ERROR] (printf.js:11) - Redis Client Error Cannot create property 'Symbol(level)' on string 'Conectado a Redis'
2024-09-14 22:44:53 [ERROR] (printf.js:11) - Redis Client Error Cannot create property 'Symbol(level)' on string 'Conectado a Redis'
2024-09-14 22:44:53 [ERROR] (printf.js:11) - Redis Client Error Cannot create property 'Symbol(level)' on string 'Conectado a Redis'
2024-09-14 22:44:54 [ERROR] (printf.js:11) - Redis Client Error Cannot create property 'Symbol(level)' on string 'Conectado a Redis'
2024-09-14 22:44:55 [ERROR] (printf.js:11) - Redis Client Error Cannot create property 'Symbol(level)' on string 'Conectado a Redis'
2024-09-14 22:44:55 [ERROR] (printf.js:11) - Redis Client Error Cannot create property 'Symbol(level)' on string 'Conectado a Redis'
2024-09-14 22:44:56 [ERROR] (printf.js:11) - Redis Client Error Cannot create property 'Symbol(level)' on string 'Conectado a Redis'
2024-09-14 22:44:56 [ERROR] (printf.js:11) - Redis Client Error Cannot create property 'Symbol(level)' on string 'Conectado a Redis'
2024-09-14 22:44:57 [ERROR] (printf.js:11) - Redis Client Error Cannot create property 'Symbol(level)' on string 'Conectado a Redis'
2024-09-14 22:44:57 [ERROR] (printf.js:11) - Redis Client Error Cannot create property 'Symbol(level)' on string 'Conectado a Redis'
2024-09-14 22:44:58 [ERROR] (printf.js:11) - Redis Client Error Cannot create property 'Symbol(level)' on string 'Conectado a Redis'
2024-09-14 22:44:58 [ERROR] (printf.js:11) - Redis Client Error Cannot create property 'Symbol(level)' on string 'Conectado a Redis'
2024-09-14 22:44:59 [ERROR] (printf.js:11) - Redis Client Error Cannot create property 'Symbol(level)' on string 'Conectado a Redis'
2024-09-14 22:44:59 [ERROR] (printf.js:11) - Redis Client Error Cannot create property 'Symbol(level)' on string 'Conectado a Redis'
2024-09-14 22:45:00 [ERROR] (printf.js:11) - Redis Client Error Cannot create property 'Symbol(level)' on string 'Conectado a Redis'
2024-09-14 22:45:00 [ERROR] (printf.js:11) - Redis Client Error Cannot create property 'Symbol(level)' on string 'Conectado a Redis'
2024-09-14 22:45:01 [ERROR] (printf.js:11) - Redis Client Error Cannot create property 'Symbol(level)' on string 'Conectado a Redis'
2024-09-14 22:45:01 [ERROR] (printf.js:11) - Redis Client Error Cannot create property 'Symbol(level)' on string 'Conectado a Redis'
2024-09-14 22:45:02 [ERROR] (printf.js:11) - Redis Client Error Cannot create property 'Symbol(level)' on string 'Conectado a Redis'
2024-09-14 22:45:02 [ERROR] (printf.js:11) - Redis Client Error Cannot create property 'Symbol(level)' on string 'Conectado a Redis'
2024-09-14 22:45:03 [ERROR] (printf.js:11) - Redis Client Error Cannot create property 'Symbol(level)' on string 'Conectado a Redis'
2024-09-14 22:45:03 [ERROR] (printf.js:11) - Redis Client Error Cannot create property 'Symbol(level)' on string 'Conectado a Redis'
2024-09-14 22:45:04 [ERROR] (printf.js:11) - Redis Client Error Cannot create property 'Symbol(level)' on string 'Conectado a Redis'
2024-09-14 22:45:04 [ERROR] (printf.js:11) - Redis Client Error Cannot create property 'Symbol(level)' on string 'Conectado a Redis'
2024-09-14 22:45:05 [ERROR] (printf.js:11) - Redis Client Error Cannot create property 'Symbol(level)' on string 'Conectado a Redis'
2024-09-14 22:45:05 [ERROR] (printf.js:11) - Redis Client Error Cannot create property 'Symbol(level)' on string 'Conectado a Redis'
2024-09-14 22:45:06 [ERROR] (printf.js:11) - Redis Client Error Cannot create property 'Symbol(level)' on string 'Conectado a Redis'
2024-09-14 22:45:06 [ERROR] (printf.js:11) - Redis Client Error Cannot create property 'Symbol(level)' on string 'Conectado a Redis'
2024-09-14 22:45:07 [ERROR] (printf.js:11) - Redis Client Error Cannot create property 'Symbol(level)' on string 'Conectado a Redis'
2024-09-14 22:45:07 [ERROR] (printf.js:11) - Redis Client Error Cannot create property 'Symbol(level)' on string 'Conectado a Redis'
2024-09-14 22:45:08 [ERROR] (printf.js:11) - Redis Client Error Cannot create property 'Symbol(level)' on string 'Conectado a Redis'
2024-09-14 22:45:08 [ERROR] (printf.js:11) - Redis Client Error Cannot create property 'Symbol(level)' on string 'Conectado a Redis'
2024-09-14 22:45:09 [ERROR] (printf.js:11) - Redis Client Error Cannot create property 'Symbol(level)' on string 'Conectado a Redis'
2024-09-14 22:45:09 [ERROR] (printf.js:11) - Redis Client Error Cannot create property 'Symbol(level)' on string 'Conectado a Redis'
2024-09-14 22:45:10 [ERROR] (printf.js:11) - Redis Client Error Cannot create property 'Symbol(level)' on string 'Conectado a Redis'
2024-09-14 22:45:10 [ERROR] (printf.js:11) - Redis Client Error Cannot create property 'Symbol(level)' on string 'Conectado a Redis'
2024-09-14 22:45:11 [ERROR] (printf.js:11) - Redis Client Error Cannot create property 'Symbol(level)' on string 'Conectado a Redis'
2024-09-14 22:45:11 [ERROR] (printf.js:11) - Redis Client Error Cannot create property 'Symbol(level)' on string 'Conectado a Redis'
2024-09-14 22:45:12 [ERROR] (printf.js:11) - Redis Client Error Cannot create property 'Symbol(level)' on string 'Conectado a Redis'
2024-09-14 22:45:12 [ERROR] (printf.js:11) - Redis Client Error Cannot create property 'Symbol(level)' on string 'Conectado a Redis'
2024-09-14 22:45:13 [ERROR] (printf.js:11) - Redis Client Error Cannot create property 'Symbol(level)' on string 'Conectado a Redis'
2024-09-14 22:45:13 [ERROR] (printf.js:11) - Redis Client Error Cannot create property 'Symbol(level)' on string 'Conectado a Redis'
2024-09-14 22:45:14 [ERROR] (printf.js:11) - Redis Client Error Cannot create property 'Symbol(level)' on string 'Conectado a Redis'
2024-09-14 22:45:15 [ERROR] (printf.js:11) - Redis Client Error Cannot create property 'Symbol(level)' on string 'Conectado a Redis'
2024-09-14 22:45:15 [ERROR] (printf.js:11) - Redis Client Error Cannot create property 'Symbol(level)' on string 'Conectado a Redis'
2024-09-14 22:45:16 [ERROR] (printf.js:11) - Redis Client Error Cannot create property 'Symbol(level)' on string 'Conectado a Redis'
2024-09-14 22:46:33 [INFO] (printf.js:11) - Conectado a Redis
2024-09-14 22:46:33 [INFO] (printf.js:11) - server running on port 3001
2024-09-14 22:46:33 [INFO] (printf.js:11) - Kafka Producer connected
2024-09-14 22:46:33 [INFO] (printf.js:11) - Starting consumers...
2024-09-14 22:48:08 [INFO] (printf.js:11) - Message sent to getUsersObservable - requestId: 4a738029-c732-4ef6-a439-1081206ff64c
2024-09-14 22:48:08 [INFO] (printf.js:11) - get from consumerGetUsersObservable
2024-09-14 22:48:08 [INFO] (printf.js:11) - Response get from caché: 1100000
2024-09-14 22:48:13 [INFO] (printf.js:11) - Closing app...
2024-09-14 22:48:17 [INFO] (printf.js:11) - Conectado a Redis
2024-09-14 22:48:33 [INFO] (printf.js:11) - Conectado a Redis
2024-09-14 22:48:33 [INFO] (printf.js:11) - server running on port 3001
2024-09-14 22:48:33 [INFO] (printf.js:11) - Kafka Producer connected
2024-09-14 22:48:33 [INFO] (printf.js:11) - Starting consumers...
2024-09-14 22:48:54 [INFO] (printf.js:11) - Message sent to getUsersObservable - requestId: 46ed8b57-4e8f-4600-9cca-5d74f050d5ae
2024-09-14 22:48:54 [INFO] (printf.js:11) - get from consumerGetUsersObservable
2024-09-14 22:48:54 [INFO] (printf.js:11) - Response get from caché: 1100000
2024-09-14 22:50:05 [INFO] (printf.js:11) - Message sent to getUsersObservable - requestId: 97449c50-b3cb-41ca-916a-cc787a29d435
2024-09-14 22:50:05 [INFO] (printf.js:11) - get from consumerGetUsersObservable
2024-09-14 22:50:05 [INFO] (printf.js:11) - Response get from caché: 1100000
2024-09-14 22:50:09 [INFO] (printf.js:11) - Message sent to getUsersObservable - requestId: f146f31e-5023-480a-85a7-efd298c64589
2024-09-14 22:50:09 [INFO] (printf.js:11) - get from consumerGetUsersObservable
2024-09-14 22:50:09 [INFO] (printf.js:11) - Response get from caché: 1100000
2024-09-14 22:50:09 [INFO] (printf.js:11) - Message sent to getUsersObservable - requestId: 9138d84b-22ec-4771-97f0-bf57a34d55c3
2024-09-14 22:50:09 [INFO] (printf.js:11) - get from consumerGetUsersObservable
2024-09-14 22:50:09 [INFO] (printf.js:11) - Response get from caché: 1100000
2024-09-14 22:50:09 [INFO] (printf.js:11) - Message sent to getUsersObservable - requestId: d0364c71-2687-45f1-a2ad-08f595274fa6
2024-09-14 22:50:09 [INFO] (printf.js:11) - get from consumerGetUsersObservable
2024-09-14 22:50:09 [INFO] (printf.js:11) - Response get from caché: 1100000
2024-09-14 22:50:09 [INFO] (printf.js:11) - Message sent to getUsersObservable - requestId: 359c26bf-248a-4007-a952-b85b57e8154d
2024-09-14 22:50:09 [INFO] (printf.js:11) - get from consumerGetUsersObservable
2024-09-14 22:50:09 [INFO] (printf.js:11) - Response get from caché: 1100000
2024-09-14 22:50:10 [INFO] (printf.js:11) - Message sent to getUsersObservable - requestId: 690bc237-3512-4129-9413-b0c71498b4ad
2024-09-14 22:50:10 [INFO] (printf.js:11) - get from consumerGetUsersObservable
2024-09-14 22:50:10 [INFO] (printf.js:11) - Response get from caché: 1100000
2024-09-14 22:50:10 [INFO] (printf.js:11) - Message sent to getUsersObservable - requestId: 5bdf08c1-d931-4d28-ac5f-f24579d74f03
2024-09-14 22:50:10 [INFO] (printf.js:11) - get from consumerGetUsersObservable
2024-09-14 22:50:10 [INFO] (printf.js:11) - Response get from caché: 1100000
2024-09-14 22:50:10 [INFO] (printf.js:11) - Message sent to getUsersObservable - requestId: c02db99c-a9c6-4a2c-b825-2a6198682d9c
2024-09-14 22:50:10 [INFO] (printf.js:11) - get from consumerGetUsersObservable
2024-09-14 22:50:10 [INFO] (printf.js:11) - Response get from caché: 1100000
2024-09-14 22:50:10 [INFO] (printf.js:11) - Message sent to getUsersObservable - requestId: d63f4c0b-cc46-49e8-a120-4d8266ef3e7b
2024-09-14 22:50:10 [INFO] (printf.js:11) - get from consumerGetUsersObservable
2024-09-14 22:50:10 [INFO] (printf.js:11) - Response get from caché: 1100000
2024-09-14 22:50:10 [INFO] (printf.js:11) - Message sent to getUsersObservable - requestId: bf476242-6c67-4d71-be76-41cb997cf4da
2024-09-14 22:50:10 [INFO] (printf.js:11) - get from consumerGetUsersObservable
2024-09-14 22:50:10 [INFO] (printf.js:11) - Response get from caché: 1100000
2024-09-14 22:50:10 [INFO] (printf.js:11) - Message sent to getUsersObservable - requestId: bdd5f6ce-c52c-489e-861a-d12cac620dfb
2024-09-14 22:50:10 [INFO] (printf.js:11) - get from consumerGetUsersObservable
2024-09-14 22:50:10 [INFO] (printf.js:11) - Response get from caché: 1100000
